<?xml version="1.0" encoding="UTF-8"?>
<!-- Generated by org.testng.reporters.JUnitXMLReporter -->
<testsuite ignored="0" hostname="VGUNTOJI01" failures="0" tests="5" name="Default test" time="129.722" errors="0" timestamp="2024-04-24T08:01:06 IST">
  <testcase classname="com.orikan.testcases.OrikanTestcases" name="TC001_OrikanHomePageDefaultValidations" time="0.112"/>
  <testcase classname="com.orikan.testcases.OrikanTestcases" name="TC002_PasswordValidations" time="43.055"/>
  <testcase classname="com.orikan.testcases.OrikanTestcases" name="TC002_emailAddressPage" time="33.067"/>
  <testcase classname="com.orikan.testcases.OrikanTestcases" name="TC003_ContactValidations" time="46.838"/>
  <testcase classname="com.orikan.testcases.OrikanTestcases" name="TC004_NavigateToPayment" time="6.609"/>
</testsuite> <!-- Default test -->
