<?xml version="1.0" encoding="UTF-8"?>
<testng-results ignored="0" total="1" passed="1" failed="0" skipped="0">
  <reporter-output>
  </reporter-output>
  <suite started-at="2024-04-22T10:35:00 IST" name="Surefire suite" finished-at="2024-04-22T10:35:31 IST" duration-ms="30323">
    <groups>
    </groups>
    <test started-at="2024-04-22T10:35:00 IST" name="Surefire test" finished-at="2024-04-22T10:35:31 IST" duration-ms="30323">
      <class name="com.flipkart.auto.AppTest">
        <test-method signature="shouldAnswerWithTrue()[pri:0, instance:com.flipkart.auto.AppTest@2898ac89]" started-at="2024-04-22T10:35:01 IST" name="shouldAnswerWithTrue" finished-at="2024-04-22T10:35:31 IST" duration-ms="30230" status="PASS">
          <reporter-output>
          </reporter-output>
        </test-method> <!-- shouldAnswerWithTrue -->
      </class> <!-- com.flipkart.auto.AppTest -->
    </test> <!-- Surefire test -->
  </suite> <!-- Surefire suite -->
</testng-results>
